Arguments: 
  /Users/takahiromrooka/.nvm/versions/node/v8.9.3/bin/node /usr/local/Cellar/yarn/1.3.2/libexec/bin/yarn.js install

PATH: 
  /Users/takahiromrooka/.nvm/versions/node/v8.9.3/bin:/Users/takahiromrooka/.rbenv/shims:/usr/local/bin:/usr/bin:/bin:/usr/sbin:/sbin

Yarn version: 
  1.3.2

Node version: 
  8.9.3

Platform: 
  darwin x64

npm manifest: 
  {
    "name": "blog_app",
    "version": "1.0.0",
    "main": "index.js",
    "license": "MIT",
    "devDependencies": {
      "babel-core": "^6.26.0",
      "babel-loader": "^7.1.4",
      "babel-preset-es2015": "^6.24.1",
      "babel-preset-react": "^6.24.1",
      "babel-preset-stage-2": "^6.24.1",
      "prop-types": "^15.6.1",
      "react": "^16.2.0",
      "react-dom": "^16.2.0",
      "webpack": "^4.1.1",
      "webpack-cli": "^2.0.12"
    },
    "scripts": {
      "build": "./node_modules/.bin/webpack --mode production --optimize-minimize",
      "watch": "./node_modules/.bin/webpack --mode development -w"
    },
    "dependencies": {
      "axios": "^0.18.0",
    }
  }

yarn manifest: 
  No manifest

Lockfile: 
  No lockfile

Trace: 
  SyntaxError: /Users/takahiromrooka/blog_app/client/package.json: Unexpected token } in JSON at position 637
      at JSON.parse (<anonymous>)
      at /usr/local/Cellar/yarn/1.3.2/libexec/lib/cli.js:770:59
      at Generator.next (<anonymous>)
      at step (/usr/local/Cellar/yarn/1.3.2/libexec/lib/cli.js:92:30)
      at /usr/local/Cellar/yarn/1.3.2/libexec/lib/cli.js:103:13
      at <anonymous>
